Using pre-set license
Built from '2020.3/staging' branch; Version is '2020.3.9f1 (108be757e447) revision 1084391'; Using compiler version '192528614'; Build Type 'Release'
OS: 'Windows 10 Pro; OS build 19042.1237; Version 2009; 64bit' Language: 'tr' Physical Memory: 3931 MB
BatchMode: 1, IsHumanControllingUs: 0, StartBugReporterOnCrash: 0, Is64bit: 1, IsPro: 0

 COMMAND LINE ARGUMENTS:
C:\Program Files\Unity\Hub\Editor\2020.3.17f1\Editor\Unity.exe
-adb2
-batchMode
-noUpm
-name
AssetImportWorker10
-projectPath
C:/Users/Murad/Desktop/UnityLeglo/MathGame1 (1)
-logFile
Logs/AssetImportWorker10.log
-srvPort
60557
Successfully changed project path to: C:/Users/Murad/Desktop/UnityLeglo/MathGame1 (1)
C:/Users/Murad/Desktop/UnityLeglo/MathGame1 (1)
Using Asset Import Pipeline V2.
Refreshing native plugins compatible for Editor in 120.88 ms, found 1 plugins.
Preloading 0 native plugins for Editor in 0.00 ms.
Initialize engine version: 2020.3.9f1 (108be757e447)
[Subsystems] Discovering subsystems at path C:/Program Files/Unity/Hub/Editor/2020.3.17f1/Editor/Data/Resources/UnitySubsystems
[Subsystems] Discovering subsystems at path C:/Users/Murad/Desktop/UnityLeglo/MathGame1 (1)/Assets
GfxDevice: creating device client; threaded=0
Direct3D:
    Version:  Direct3D 11.0 [level 11.0]
    Renderer: NVIDIA GeForce MX130 (ID=0x174d)
    Vendor:   
    VRAM:     2010 MB
Initialize mono
Mono path[0] = 'C:/Program Files/Unity/Hub/Editor/2020.3.17f1/Editor/Data/Managed'
Mono path[1] = 'C:/Program Files/Unity/Hub/Editor/2020.3.17f1/Editor/Data/MonoBleedingEdge/lib/mono/unityjit'
Mono config path = 'C:/Program Files/Unity/Hub/Editor/2020.3.17f1/Editor/Data/MonoBleedingEdge/etc'
Using monoOptions --debugger-agent=transport=dt_socket,embedding=1,server=y,suspend=n,address=127.0.0.1:56144
Begin MonoManager ReloadAssembly
Registering precompiled unity dll's ...
Register platform support module: C:/Program Files/Unity/Hub/Editor/2020.3.17f1/Editor/Data/PlaybackEngines/WindowsStandaloneSupport/UnityEditor.WindowsStandalone.Extensions.dll
Registered in 0.003933 seconds.
Native extension for WindowsStandalone target not found
Refreshing native plugins compatible for Editor in 90.91 ms, found 1 plugins.
Preloading 0 native plugins for Editor in 0.00 ms.
Mono: successfully reloaded assembly
- Completed reload, in  2.413 seconds
Platform modules already initialized, skipping
Registering precompiled user dll's ...
Registered in 0.001883 seconds.
Begin MonoManager ReloadAssembly
Native extension for WindowsStandalone target not found
Refreshing native plugins compatible for Editor in 90.55 ms, found 1 plugins.
Preloading 0 native plugins for Editor in 0.00 ms.
Mono: successfully reloaded assembly
- Completed reload, in  6.000 seconds
Platform modules already initialized, skipping
========================================================================
Worker process is ready to serve import requests
Launched and connected shader compiler UnityShaderCompiler.exe after 1.11 seconds
Refreshing native plugins compatible for Editor in 0.84 ms, found 1 plugins.
Preloading 0 native plugins for Editor in 0.00 ms.
Unloading 1857 Unused Serialized files (Serialized files now loaded: 0)
System memory in use before: 87.8 MB.
System memory in use after: 87.6 MB.

Unloading 26 unused Assets to reduce memory usage. Loaded Objects now: 2298.
Total: 6.733400 ms (FindLiveObjects: 0.570500 ms CreateObjectMapping: 0.277100 ms MarkObjects: 5.307700 ms  DeleteObjects: 0.575200 ms)

========================================================================
Received Import Request.
  path: Assets/App
  artifactKey: Guid(74d8cce52b3b8b94ba02abc789e4e203) Importer(815301076,1909f56bfc062723c751e8b465ee728b)
Start importing Assets/App using Guid(74d8cce52b3b8b94ba02abc789e4e203) Importer(815301076,1909f56bfc062723c751e8b465ee728b)  -> (artifact id: 'cefd29682c3bd073a33be850bb427bd2') in 0.051726 seconds
  Import took 0.059089 seconds .

========================================================================
Received Import Request.
  Time since last request: 0.000563 seconds.
  path: Assets/App/Scenes
  artifactKey: Guid(1f5cf250aa3f94a4f9063e9ec04cc7dc) Importer(815301076,1909f56bfc062723c751e8b465ee728b)
Start importing Assets/App/Scenes using Guid(1f5cf250aa3f94a4f9063e9ec04cc7dc) Importer(815301076,1909f56bfc062723c751e8b465ee728b)  -> (artifact id: '7b56ede262504769c98af4d23ff046ed') in 0.196331 seconds
  Import took 0.201554 seconds .

========================================================================
Received Import Request.
  Time since last request: 136.385189 seconds.
  path: Assets/App/Scenes/GameplayScene.unity
  artifactKey: Guid(470f9b41e4244e64ca0589d3851d27a4) Importer(815301076,1909f56bfc062723c751e8b465ee728b)
Start importing Assets/App/Scenes/GameplayScene.unity using Guid(470f9b41e4244e64ca0589d3851d27a4) Importer(815301076,1909f56bfc062723c751e8b465ee728b)  -> (artifact id: '95353994aff89b9544974df2134925a0') in 0.054725 seconds
  Import took 0.063743 seconds .

========================================================================
Received Import Request.
  Time since last request: 0.128724 seconds.
  path: Assets/App/Scenes/GameplayScene.unity
  artifactKey: Guid(470f9b41e4244e64ca0589d3851d27a4) Importer(815301076,1909f56bfc062723c751e8b465ee728b)
Start importing Assets/App/Scenes/GameplayScene.unity using Guid(470f9b41e4244e64ca0589d3851d27a4) Importer(815301076,1909f56bfc062723c751e8b465ee728b)  -> (artifact id: '95353994aff89b9544974df2134925a0') in 0.074581 seconds
  Import took 0.086225 seconds .

========================================================================
Received Import Request.
  Time since last request: 27.053249 seconds.
  path: Assets/App/Scenes/MainMenu.unity
  artifactKey: Guid(119d10d077078ad4495effb35d54a4b5) Importer(815301076,1909f56bfc062723c751e8b465ee728b)
Start importing Assets/App/Scenes/MainMenu.unity using Guid(119d10d077078ad4495effb35d54a4b5) Importer(815301076,1909f56bfc062723c751e8b465ee728b)  -> (artifact id: '0c63cb6015d625dc7c042e5b86e1039d') in 0.046480 seconds
  Import took 0.064336 seconds .

========================================================================
Received Import Request.
  Time since last request: 0.024009 seconds.
  path: Assets/App/Scenes/MainMenu.unity
  artifactKey: Guid(119d10d077078ad4495effb35d54a4b5) Importer(815301076,1909f56bfc062723c751e8b465ee728b)
Start importing Assets/App/Scenes/MainMenu.unity using Guid(119d10d077078ad4495effb35d54a4b5) Importer(815301076,1909f56bfc062723c751e8b465ee728b)  -> (artifact id: '0c63cb6015d625dc7c042e5b86e1039d') in 0.021022 seconds
  Import took 0.033879 seconds .

========================================================================
Received Prepare
Registering precompiled user dll's ...
Registered in 0.001072 seconds.
Begin MonoManager ReloadAssembly
Native extension for WindowsStandalone target not found
Refreshing native plugins compatible for Editor in 1.09 ms, found 1 plugins.
Preloading 0 native plugins for Editor in 0.00 ms.
Mono: successfully reloaded assembly
- Completed reload, in  1.470 seconds
Platform modules already initialized, skipping
Refreshing native plugins compatible for Editor in 0.54 ms, found 1 plugins.
Preloading 0 native plugins for Editor in 0.00 ms.
Unloading 1841 Unused Serialized files (Serialized files now loaded: 0)
System memory in use before: 86.7 MB.
System memory in use after: 86.5 MB.

Unloading 14 unused Assets to reduce memory usage. Loaded Objects now: 2302.
Total: 3.463300 ms (FindLiveObjects: 0.293900 ms CreateObjectMapping: 0.101400 ms MarkObjects: 2.784500 ms  DeleteObjects: 0.282400 ms)

========================================================================
Received Prepare
Registering precompiled user dll's ...
Registered in 0.001955 seconds.
Begin MonoManager ReloadAssembly
Native extension for WindowsStandalone target not found
Refreshing native plugins compatible for Editor in 1.28 ms, found 1 plugins.
Preloading 0 native plugins for Editor in 0.00 ms.
Mono: successfully reloaded assembly
- Completed reload, in  2.497 seconds
Platform modules already initialized, skipping
Refreshing native plugins compatible for Editor in 0.88 ms, found 1 plugins.
Preloading 0 native plugins for Editor in 0.00 ms.
Unloading 1841 Unused Serialized files (Serialized files now loaded: 0)
System memory in use before: 86.8 MB.
System memory in use after: 86.5 MB.

Unloading 14 unused Assets to reduce memory usage. Loaded Objects now: 2306.
Total: 4.586600 ms (FindLiveObjects: 0.457400 ms CreateObjectMapping: 0.154100 ms MarkObjects: 3.586100 ms  DeleteObjects: 0.386300 ms)

AssetImportWorkerClient::OnTransportError - code=2 error=End of file
